<component name="ProjectRunConfigurationManager">
  <configuration default="false" name="JUnit Utilities" type="JUnit" factoryName="JUnit">
    <module name="org.hl7.fhir.utilities" />
    <option name="MAIN_CLASS_NAME" value="" />
    <option name="METHOD_NAME" value="" />
    <option name="TEST_OBJECT" value="directory" />
    <dir value="$PROJECT_DIR$/../core/org.hl7.fhir.utilities/src/test/java" />
    <method v="2">
      <option name="Make" enabled="true" />
    </method>
  </configuration>
</component>